<?xml version="1.0" encoding="UTF-8"?>
<testng-results total="0" passed="0" failed="0" skipped="0">
  <reporter-output>
  </reporter-output>
  <suite started-at="2024-09-21T15:15:50Z" name="Test Suite for Buildout" finished-at="2024-09-21T15:15:55Z" duration-ms="5122">
    <groups>
    </groups>
    <test started-at="2024-09-21T15:15:50Z" name="Test Cases for Buildout" finished-at="2024-09-21T15:15:55Z" duration-ms="5122">
      <class name="demo.TestCases">
        <test-method is-config="true" signature="startBrowser()[pri:0, instance:demo.TestCases@3ecd267f]" started-at="2024-09-21T20:45:50Z" name="startBrowser" finished-at="2024-09-21T20:45:55Z" duration-ms="4318" status="PASS">
          <reporter-output>
          </reporter-output>
        </test-method> <!-- startBrowser -->
        <test-method is-config="true" signature="endTest()[pri:0, instance:demo.TestCases@3ecd267f]" started-at="2024-09-21T20:45:55Z" name="endTest" finished-at="2024-09-21T20:45:55Z" duration-ms="794" status="PASS">
          <reporter-output>
          </reporter-output>
        </test-method> <!-- endTest -->
      </class> <!-- demo.TestCases -->
    </test> <!-- Test Cases for Buildout -->
  </suite> <!-- Test Suite for Buildout -->
</testng-results>
